# JRE version: OpenJDK Runtime Environment Temurin-21.0.6+7 (21.0.6+7) (build 21.0.6+7-LTS)
# Java VM: OpenJDK 64-Bit Server VM Temurin-21.0.6+7 (21.0.6+7-LTS, mixed mode, sharing, tiered, compressed oops, compressed class ptrs, parallel gc, windows-amd64)
GC Precious Log:
 CardTable entry size: 512
 CPUs: 4 total, 4 available
 Memory: 12181M
 Large Page Support: Disabled
 NUMA Support: Disabled
 Compressed Oops: Enabled (32-bit)
 Alignments: Space 512K, Generation 512K, Heap 2M
 Heap Min Capacity: 100M
 Heap Initial Capacity: 100M
 Heap Max Capacity: 1G
 Pre-touch: Disabled
 Parallel Workers: 4
Heap:
 PSYoungGen      total 5120K, used 3344K [0x00000000eab00000, 0x00000000eb180000, 0x0000000100000000)
  eden space 4608K, 69% used [0x00000000eab00000,0x00000000eae24078,0x00000000eaf80000)
  from space 512K, 25% used [0x00000000eb080000,0x00000000eb0a0000,0x00000000eb100000)
  to   space 512K, 0% used [0x00000000eb100000,0x00000000eb100000,0x00000000eb180000)
 ParOldGen       total 288256K, used 287971K [0x00000000c0000000, 0x00000000d1980000, 0x00000000eab00000)
  object space 288256K, 99% used [0x00000000c0000000,0x00000000d1938e40,0x00000000d1980000)
 Metaspace       used 63614K, committed 64960K, reserved 1114112K
  class space    used 7073K, committed 7616K, reserved 1048576K
GC Heap History (20 events):
Event: 64.696 GC heap before
{Heap before GC invocations=3261 (full 7):
 PSYoungGen      total 2560K, used 2496K [0x00000000eab00000, 0x00000000eb080000, 0x0000000100000000)
  eden space 1536K, 100% used [0x00000000eab00000,0x00000000eac80000,0x00000000eac80000)
  from space 1024K, 93% used [0x00000000eae80000,0x00000000eaf70000,0x00000000eaf80000)
  to   space 1024K, 0% used [0x00000000eaf80000,0x00000000eaf80000,0x00000000eb080000)
 ParOldGen       total 280576K, used 280575K [0x00000000c0000000, 0x00000000d1200000, 0x00000000eab00000)
  object space 280576K, 99% used [0x00000000c0000000,0x00000000d11fff30,0x00000000d1200000)
 Metaspace       used 63047K, committed 64384K, reserved 1114112K
  class space    used 7009K, committed 7552K, reserved 1048576K
}
Event: 64.698 GC heap after
{Heap after GC invocations=3261 (full 7):
 PSYoungGen      total 2560K, used 1024K [0x00000000eab00000, 0x00000000eb300000, 0x0000000100000000)
  eden space 1536K, 0% used [0x00000000eab00000,0x00000000eab00000,0x00000000eac80000)
  from space 1024K, 100% used [0x00000000eaf80000,0x00000000eb080000,0x00000000eb080000)
  to   space 3072K, 0% used [0x00000000eac80000,0x00000000eac80000,0x00000000eaf80000)
 ParOldGen       total 282112K, used 281890K [0x00000000c0000000, 0x00000000d1380000, 0x00000000eab00000)
  object space 282112K, 99% used [0x00000000c0000000,0x00000000d1348a28,0x00000000d1380000)
 Metaspace       used 63047K, committed 64384K, reserved 1114112K
  class space    used 7009K, committed 7552K, reserved 1048576K
}
Event: 64.701 GC heap before
{Heap before GC invocations=3262 (full 7):
 PSYoungGen      total 2560K, used 2560K [0x00000000eab00000, 0x00000000eb300000, 0x0000000100000000)
  eden space 1536K, 100% used [0x00000000eab00000,0x00000000eac80000,0x00000000eac80000)
  from space 1024K, 100% used [0x00000000eaf80000,0x00000000eb080000,0x00000000eb080000)
  to   space 3072K, 0% used [0x00000000eac80000,0x00000000eac80000,0x00000000eaf80000)
 ParOldGen       total 282112K, used 281890K [0x00000000c0000000, 0x00000000d1380000, 0x00000000eab00000)
  object space 282112K, 99% used [0x00000000c0000000,0x00000000d1348a28,0x00000000d1380000)
 Metaspace       used 63048K, committed 64384K, reserved 1114112K
  class space    used 7009K, committed 7552K, reserved 1048576K
}
Event: 64.703 GC heap after
{Heap after GC invocations=3262 (full 7):
 PSYoungGen      total 3072K, used 1461K [0x00000000eab00000, 0x00000000eb100000, 0x0000000100000000)
  eden space 1536K, 0% used [0x00000000eab00000,0x00000000eab00000,0x00000000eac80000)
  from space 1536K, 95% used [0x00000000eac80000,0x00000000eaded4a0,0x00000000eae00000)
  to   space 2048K, 0% used [0x00000000eaf00000,0x00000000eaf00000,0x00000000eb100000)
 ParOldGen       total 283136K, used 282927K [0x00000000c0000000, 0x00000000d1480000, 0x00000000eab00000)
  object space 283136K, 99% used [0x00000000c0000000,0x00000000d144bf30,0x00000000d1480000)
 Metaspace       used 63048K, committed 64384K, reserved 1114112K
  class space    used 7009K, committed 7552K, reserved 1048576K
}
Event: 64.706 GC heap before
{Heap before GC invocations=3263 (full 7):
 PSYoungGen      total 3072K, used 2997K [0x00000000eab00000, 0x00000000eb100000, 0x0000000100000000)
  eden space 1536K, 100% used [0x00000000eab00000,0x00000000eac80000,0x00000000eac80000)
  from space 1536K, 95% used [0x00000000eac80000,0x00000000eaded4a0,0x00000000eae00000)
  to   space 2048K, 0% used [0x00000000eaf00000,0x00000000eaf00000,0x00000000eb100000)
 ParOldGen       total 283136K, used 282927K [0x00000000c0000000, 0x00000000d1480000, 0x00000000eab00000)
  object space 283136K, 99% used [0x00000000c0000000,0x00000000d144bf30,0x00000000d1480000)
 Metaspace       used 63050K, committed 64384K, reserved 1114112K
  class space    used 7009K, committed 7552K, reserved 1048576K
}
Event: 64.709 GC heap after
{Heap after GC invocations=3263 (full 7):
 PSYoungGen      total 3584K, used 1472K [0x00000000eab00000, 0x00000000eb080000, 0x0000000100000000)
  eden space 2048K, 0% used [0x00000000eab00000,0x00000000eab00000,0x00000000ead00000)
  from space 1536K, 95% used [0x00000000eaf00000,0x00000000eb070000,0x00000000eb080000)
  to   space 1536K, 0% used [0x00000000ead80000,0x00000000ead80000,0x00000000eaf00000)
 ParOldGen       total 284672K, used 284372K [0x00000000c0000000, 0x00000000d1600000, 0x00000000eab00000)
  object space 284672K, 99% used [0x00000000c0000000,0x00000000d15b53d0,0x00000000d1600000)
 Metaspace       used 63050K, committed 64384K, reserved 1114112K
  class space    used 7009K, committed 7552K, reserved 1048576K
}
Event: 64.713 GC heap before
{Heap before GC invocations=3264 (full 7):
 PSYoungGen      total 3584K, used 3519K [0x00000000eab00000, 0x00000000eb080000, 0x0000000100000000)
  eden space 2048K, 99% used [0x00000000eab00000,0x00000000eacffff8,0x00000000ead00000)
  from space 1536K, 95% used [0x00000000eaf00000,0x00000000eb070000,0x00000000eb080000)
  to   space 1536K, 0% used [0x00000000ead80000,0x00000000ead80000,0x00000000eaf00000)
 ParOldGen       total 284672K, used 284372K [0x00000000c0000000, 0x00000000d1600000, 0x00000000eab00000)
  object space 284672K, 99% used [0x00000000c0000000,0x00000000d15b53d0,0x00000000d1600000)
 Metaspace       used 63056K, committed 64384K, reserved 1114112K
  class space    used 7009K, committed 7552K, reserved 1048576K
}
Event: 64.716 GC heap after
{Heap after GC invocations=3264 (full 7):
 PSYoungGen      total 4096K, used 1507K [0x00000000eab00000, 0x00000000eb480000, 0x0000000100000000)
  eden space 2560K, 0% used [0x00000000eab00000,0x00000000eab00000,0x00000000ead80000)
  from space 1536K, 98% used [0x00000000ead80000,0x00000000eaef8d40,0x00000000eaf00000)
  to   space 3584K, 0% used [0x00000000eb100000,0x00000000eb100000,0x00000000eb480000)
 ParOldGen       total 286208K, used 286124K [0x00000000c0000000, 0x00000000d1780000, 0x00000000eab00000)
  object space 286208K, 99% used [0x00000000c0000000,0x00000000d176b390,0x00000000d1780000)
 Metaspace       used 63056K, committed 64384K, reserved 1114112K
  class space    used 7009K, committed 7552K, reserved 1048576K
}
Event: 64.750 GC heap before
{Heap before GC invocations=3265 (full 7):
 PSYoungGen      total 4096K, used 4067K [0x00000000eab00000, 0x00000000eb480000, 0x0000000100000000)
  eden space 2560K, 100% used [0x00000000eab00000,0x00000000ead80000,0x00000000ead80000)
  from space 1536K, 98% used [0x00000000ead80000,0x00000000eaef8d40,0x00000000eaf00000)
  to   space 3584K, 0% used [0x00000000eb100000,0x00000000eb100000,0x00000000eb480000)
 ParOldGen       total 286208K, used 286124K [0x00000000c0000000, 0x00000000d1780000, 0x00000000eab00000)
  object space 286208K, 99% used [0x00000000c0000000,0x00000000d176b390,0x00000000d1780000)
 Metaspace       used 63073K, committed 64384K, reserved 1114112K
  class space    used 7013K, committed 7552K, reserved 1048576K
}
Event: 64.751 GC heap after
{Heap after GC invocations=3265 (full 7):
 PSYoungGen      total 3584K, used 128K [0x00000000eab00000, 0x00000000eb180000, 0x0000000100000000)
  eden space 3072K, 0% used [0x00000000eab00000,0x00000000eab00000,0x00000000eae00000)
  from space 512K, 25% used [0x00000000eb100000,0x00000000eb120000,0x00000000eb180000)
  to   space 1536K, 0% used [0x00000000eae80000,0x00000000eae80000,0x00000000eb000000)
 ParOldGen       total 287744K, used 287651K [0x00000000c0000000, 0x00000000d1900000, 0x00000000eab00000)
  object space 287744K, 99% used [0x00000000c0000000,0x00000000d18e8e10,0x00000000d1900000)
 Metaspace       used 63073K, committed 64384K, reserved 1114112K
  class space    used 7013K, committed 7552K, reserved 1048576K
}
Event: 64.805 GC heap before
{Heap before GC invocations=3266 (full 7):
 PSYoungGen      total 3584K, used 3199K [0x00000000eab00000, 0x00000000eb180000, 0x0000000100000000)
  eden space 3072K, 99% used [0x00000000eab00000,0x00000000eadfffe0,0x00000000eae00000)
  from space 512K, 25% used [0x00000000eb100000,0x00000000eb120000,0x00000000eb180000)
  to   space 1536K, 0% used [0x00000000eae80000,0x00000000eae80000,0x00000000eb000000)
 ParOldGen       total 287744K, used 287651K [0x00000000c0000000, 0x00000000d1900000, 0x00000000eab00000)
  object space 287744K, 99% used [0x00000000c0000000,0x00000000d18e8e10,0x00000000d1900000)
 Metaspace       used 63105K, committed 64448K, reserved 1114112K
  class space    used 7013K, committed 7552K, reserved 1048576K
}
Event: 64.806 GC heap after
{Heap after GC invocations=3266 (full 7):
 PSYoungGen      total 5120K, used 96K [0x00000000eab00000, 0x00000000eb180000, 0x0000000100000000)
  eden space 3584K, 0% used [0x00000000eab00000,0x00000000eab00000,0x00000000eae80000)
  from space 1536K, 6% used [0x00000000eae80000,0x00000000eae98000,0x00000000eb000000)
  to   space 512K, 0% used [0x00000000eb100000,0x00000000eb100000,0x00000000eb180000)
 ParOldGen       total 287744K, used 287691K [0x00000000c0000000, 0x00000000d1900000, 0x00000000eab00000)
  object space 287744K, 99% used [0x00000000c0000000,0x00000000d18f2e10,0x00000000d1900000)
 Metaspace       used 63105K, committed 64448K, reserved 1114112K
  class space    used 7013K, committed 7552K, reserved 1048576K
}
Event: 193.183 GC heap before
{Heap before GC invocations=3267 (full 7):
 PSYoungGen      total 5120K, used 3663K [0x00000000eab00000, 0x00000000eb180000, 0x0000000100000000)
  eden space 3584K, 99% used [0x00000000eab00000,0x00000000eae7bff8,0x00000000eae80000)
  from space 1536K, 6% used [0x00000000eae80000,0x00000000eae98000,0x00000000eb000000)
  to   space 512K, 0% used [0x00000000eb100000,0x00000000eb100000,0x00000000eb180000)
 ParOldGen       total 287744K, used 287691K [0x00000000c0000000, 0x00000000d1900000, 0x00000000eab00000)
  object space 287744K, 99% used [0x00000000c0000000,0x00000000d18f2e10,0x00000000d1900000)
 Metaspace       used 63210K, committed 64576K, reserved 1114112K
  class space    used 7018K, committed 7552K, reserved 1048576K
}
Event: 193.184 GC heap after
{Heap after GC invocations=3267 (full 7):
 PSYoungGen      total 5120K, used 153K [0x00000000eab00000, 0x00000000eb180000, 0x0000000100000000)
  eden space 4608K, 0% used [0x00000000eab00000,0x00000000eab00000,0x00000000eaf80000)
  from space 512K, 30% used [0x00000000eb100000,0x00000000eb126778,0x00000000eb180000)
  to   space 512K, 0% used [0x00000000eb080000,0x00000000eb080000,0x00000000eb100000)
 ParOldGen       total 287744K, used 287715K [0x00000000c0000000, 0x00000000d1900000, 0x00000000eab00000)
  object space 287744K, 99% used [0x00000000c0000000,0x00000000d18f8e10,0x00000000d1900000)
 Metaspace       used 63210K, committed 64576K, reserved 1114112K
  class space    used 7018K, committed 7552K, reserved 1048576K
}
Event: 193.210 GC heap before
{Heap before GC invocations=3268 (full 7):
 PSYoungGen      total 5120K, used 4761K [0x00000000eab00000, 0x00000000eb180000, 0x0000000100000000)
  eden space 4608K, 100% used [0x00000000eab00000,0x00000000eaf80000,0x00000000eaf80000)
  from space 512K, 30% used [0x00000000eb100000,0x00000000eb126778,0x00000000eb180000)
  to   space 512K, 0% used [0x00000000eb080000,0x00000000eb080000,0x00000000eb100000)
 ParOldGen       total 287744K, used 287715K [0x00000000c0000000, 0x00000000d1900000, 0x00000000eab00000)
  object space 287744K, 99% used [0x00000000c0000000,0x00000000d18f8e10,0x00000000d1900000)
 Metaspace       used 63254K, committed 64640K, reserved 1114112K
  class space    used 7024K, committed 7552K, reserved 1048576K
}
Event: 193.211 GC heap after
{Heap after GC invocations=3268 (full 7):
 PSYoungGen      total 5120K, used 160K [0x00000000eab00000, 0x00000000eb180000, 0x0000000100000000)
  eden space 4608K, 0% used [0x00000000eab00000,0x00000000eab00000,0x00000000eaf80000)
  from space 512K, 31% used [0x00000000eb080000,0x00000000eb0a8020,0x00000000eb100000)
  to   space 512K, 0% used [0x00000000eb100000,0x00000000eb100000,0x00000000eb180000)
 ParOldGen       total 288256K, used 287779K [0x00000000c0000000, 0x00000000d1980000, 0x00000000eab00000)
  object space 288256K, 99% used [0x00000000c0000000,0x00000000d1908e10,0x00000000d1980000)
 Metaspace       used 63254K, committed 64640K, reserved 1114112K
  class space    used 7024K, committed 7552K, reserved 1048576K
}
Event: 822.130 GC heap before
{Heap before GC invocations=3269 (full 7):
 PSYoungGen      total 5120K, used 4763K [0x00000000eab00000, 0x00000000eb180000, 0x0000000100000000)
  eden space 4608K, 99% used [0x00000000eab00000,0x00000000eaf7ed40,0x00000000eaf80000)
  from space 512K, 31% used [0x00000000eb080000,0x00000000eb0a8020,0x00000000eb100000)
  to   space 512K, 0% used [0x00000000eb100000,0x00000000eb100000,0x00000000eb180000)
 ParOldGen       total 288256K, used 287779K [0x00000000c0000000, 0x00000000d1980000, 0x00000000eab00000)
  object space 288256K, 99% used [0x00000000c0000000,0x00000000d1908e10,0x00000000d1980000)
 Metaspace       used 63568K, committed 64960K, reserved 1114112K
  class space    used 7071K, committed 7616K, reserved 1048576K
}
Event: 822.132 GC heap after
{Heap after GC invocations=3269 (full 7):
 PSYoungGen      total 5120K, used 176K [0x00000000eab00000, 0x00000000eb180000, 0x0000000100000000)
  eden space 4608K, 0% used [0x00000000eab00000,0x00000000eab00000,0x00000000eaf80000)
  from space 512K, 34% used [0x00000000eb100000,0x00000000eb12c010,0x00000000eb180000)
  to   space 512K, 0% used [0x00000000eb080000,0x00000000eb080000,0x00000000eb100000)
 ParOldGen       total 288256K, used 287875K [0x00000000c0000000, 0x00000000d1980000, 0x00000000eab00000)
  object space 288256K, 99% used [0x00000000c0000000,0x00000000d1920e30,0x00000000d1980000)
 Metaspace       used 63568K, committed 64960K, reserved 1114112K
  class space    used 7071K, committed 7616K, reserved 1048576K
}
Event: 822.241 GC heap before
{Heap before GC invocations=3270 (full 7):
 PSYoungGen      total 5120K, used 4784K [0x00000000eab00000, 0x00000000eb180000, 0x0000000100000000)
  eden space 4608K, 100% used [0x00000000eab00000,0x00000000eaf80000,0x00000000eaf80000)
  from space 512K, 34% used [0x00000000eb100000,0x00000000eb12c010,0x00000000eb180000)
  to   space 512K, 0% used [0x00000000eb080000,0x00000000eb080000,0x00000000eb100000)
 ParOldGen       total 288256K, used 287875K [0x00000000c0000000, 0x00000000d1980000, 0x00000000eab00000)
  object space 288256K, 99% used [0x00000000c0000000,0x00000000d1920e30,0x00000000d1980000)
 Metaspace       used 63613K, committed 64960K, reserved 1114112K
  class space    used 7073K, committed 7616K, reserved 1048576K
}
Event: 822.242 GC heap after
{Heap after GC invocations=3270 (full 7):
 PSYoungGen      total 5120K, used 128K [0x00000000eab00000, 0x00000000eb180000, 0x0000000100000000)
  eden space 4608K, 0% used [0x00000000eab00000,0x00000000eab00000,0x00000000eaf80000)
  from space 512K, 25% used [0x00000000eb080000,0x00000000eb0a0000,0x00000000eb100000)
  to   space 512K, 0% used [0x00000000eb100000,0x00000000eb100000,0x00000000eb180000)
 ParOldGen       total 288256K, used 287971K [0x00000000c0000000, 0x00000000d1980000, 0x00000000eab00000)
  object space 288256K, 99% used [0x00000000c0000000,0x00000000d1938e40,0x00000000d1980000)
 Metaspace       used 63613K, committed 64960K, reserved 1114112K
  class space    used 7073K, committed 7616K, reserved 1048576K
}

