# JRE version: OpenJDK Runtime Environment Temurin-21.0.6+7 (21.0.6+7) (build 21.0.6+7-LTS)
# Java VM: OpenJDK 64-Bit Server VM Temurin-21.0.6+7 (21.0.6+7-LTS, mixed mode, sharing, tiered, compressed oops, compressed class ptrs, parallel gc, windows-amd64)
GC Precious Log:
 CardTable entry size: 512
 CPUs: 4 total, 4 available
 Memory: 12181M
 Large Page Support: Disabled
 NUMA Support: Disabled
 Compressed Oops: Enabled (32-bit)
 Alignments: Space 512K, Generation 512K, Heap 2M
 Heap Min Capacity: 100M
 Heap Initial Capacity: 100M
 Heap Max Capacity: 1G
 Pre-touch: Disabled
 Parallel Workers: 4
Heap:
 PSYoungGen      total 10240K, used 10240K [0x00000000eab00000, 0x00000000eba00000, 0x0000000100000000)
  eden space 5120K, 100% used [0x00000000eab00000,0x00000000eb000000,0x00000000eb000000)
  from space 5120K, 100% used [0x00000000eb500000,0x00000000eba00000,0x00000000eba00000)
  to   space 1536K, 97% used [0x00000000eb000000,0x00000000eb178490,0x00000000eb180000)
 ParOldGen       total 649728K, used 649724K [0x00000000c0000000, 0x00000000e7a80000, 0x00000000eab00000)
  object space 649728K, 99% used [0x00000000c0000000,0x00000000e7a7f3a8,0x00000000e7a80000)
 Metaspace       used 62875K, committed 64192K, reserved 1114112K
  class space    used 6982K, committed 7552K, reserved 1048576K
GC Heap History (20 events):
Event: 69.448 GC heap after
{Heap after GC invocations=3074 (full 6):
 PSYoungGen      total 2560K, used 848K [0x00000000eab00000, 0x00000000eaf00000, 0x0000000100000000)
  eden space 1536K, 0% used [0x00000000eab00000,0x00000000eab00000,0x00000000eac80000)
  from space 1024K, 82% used [0x00000000ead00000,0x00000000eadd40b8,0x00000000eae00000)
  to   space 1024K, 0% used [0x00000000eae00000,0x00000000eae00000,0x00000000eaf00000)
 ParOldGen       total 638464K, used 638463K [0x00000000c0000000, 0x00000000e6f80000, 0x00000000eab00000)
  object space 638464K, 99% used [0x00000000c0000000,0x00000000e6f7fd68,0x00000000e6f80000)
 Metaspace       used 62866K, committed 64192K, reserved 1114112K
  class space    used 6981K, committed 7552K, reserved 1048576K
}
Event: 69.481 GC heap before
{Heap before GC invocations=3075 (full 6):
 PSYoungGen      total 2560K, used 2114K [0x00000000eab00000, 0x00000000eaf00000, 0x0000000100000000)
  eden space 1536K, 82% used [0x00000000eab00000,0x00000000eac3c790,0x00000000eac80000)
  from space 1024K, 82% used [0x00000000ead00000,0x00000000eadd40b8,0x00000000eae00000)
  to   space 1024K, 0% used [0x00000000eae00000,0x00000000eae00000,0x00000000eaf00000)
 ParOldGen       total 638464K, used 638463K [0x00000000c0000000, 0x00000000e6f80000, 0x00000000eab00000)
  object space 638464K, 99% used [0x00000000c0000000,0x00000000e6f7fd68,0x00000000e6f80000)
 Metaspace       used 62874K, committed 64192K, reserved 1114112K
  class space    used 6982K, committed 7552K, reserved 1048576K
}
Event: 69.484 GC heap after
{Heap after GC invocations=3075 (full 6):
 PSYoungGen      total 3072K, used 782K [0x00000000eab00000, 0x00000000eaf00000, 0x0000000100000000)
  eden space 2048K, 0% used [0x00000000eab00000,0x00000000eab00000,0x00000000ead00000)
  from space 1024K, 76% used [0x00000000eae00000,0x00000000eaec3950,0x00000000eaf00000)
  to   space 1024K, 0% used [0x00000000ead00000,0x00000000ead00000,0x00000000eae00000)
 ParOldGen       total 639488K, used 639191K [0x00000000c0000000, 0x00000000e7080000, 0x00000000eab00000)
  object space 639488K, 99% used [0x00000000c0000000,0x00000000e7035d68,0x00000000e7080000)
 Metaspace       used 62874K, committed 64192K, reserved 1114112K
  class space    used 6982K, committed 7552K, reserved 1048576K
}
Event: 69.560 GC heap before
{Heap before GC invocations=3076 (full 6):
 PSYoungGen      total 3072K, used 2830K [0x00000000eab00000, 0x00000000eaf00000, 0x0000000100000000)
  eden space 2048K, 100% used [0x00000000eab00000,0x00000000ead00000,0x00000000ead00000)
  from space 1024K, 76% used [0x00000000eae00000,0x00000000eaec3950,0x00000000eaf00000)
  to   space 1024K, 0% used [0x00000000ead00000,0x00000000ead00000,0x00000000eae00000)
 ParOldGen       total 639488K, used 639191K [0x00000000c0000000, 0x00000000e7080000, 0x00000000eab00000)
  object space 639488K, 99% used [0x00000000c0000000,0x00000000e7035d68,0x00000000e7080000)
 Metaspace       used 62874K, committed 64192K, reserved 1114112K
  class space    used 6982K, committed 7552K, reserved 1048576K
}
Event: 69.563 GC heap after
{Heap after GC invocations=3076 (full 6):
 PSYoungGen      total 3072K, used 1019K [0x00000000eab00000, 0x00000000eb180000, 0x0000000100000000)
  eden space 2048K, 0% used [0x00000000eab00000,0x00000000eab00000,0x00000000ead00000)
  from space 1024K, 99% used [0x00000000ead00000,0x00000000eadfed90,0x00000000eae00000)
  to   space 2048K, 0% used [0x00000000eaf80000,0x00000000eaf80000,0x00000000eb180000)
 ParOldGen       total 640000K, used 639901K [0x00000000c0000000, 0x00000000e7100000, 0x00000000eab00000)
  object space 640000K, 99% used [0x00000000c0000000,0x00000000e70e76b0,0x00000000e7100000)
 Metaspace       used 62874K, committed 64192K, reserved 1114112K
  class space    used 6982K, committed 7552K, reserved 1048576K
}
Event: 69.566 GC heap before
{Heap before GC invocations=3077 (full 6):
 PSYoungGen      total 3072K, used 3067K [0x00000000eab00000, 0x00000000eb180000, 0x0000000100000000)
  eden space 2048K, 100% used [0x00000000eab00000,0x00000000ead00000,0x00000000ead00000)
  from space 1024K, 99% used [0x00000000ead00000,0x00000000eadfed90,0x00000000eae00000)
  to   space 2048K, 0% used [0x00000000eaf80000,0x00000000eaf80000,0x00000000eb180000)
 ParOldGen       total 640000K, used 639901K [0x00000000c0000000, 0x00000000e7100000, 0x00000000eab00000)
  object space 640000K, 99% used [0x00000000c0000000,0x00000000e70e76b0,0x00000000e7100000)
 Metaspace       used 62874K, committed 64192K, reserved 1114112K
  class space    used 6982K, committed 7552K, reserved 1048576K
}
Event: 69.570 GC heap after
{Heap after GC invocations=3077 (full 6):
 PSYoungGen      total 3584K, used 768K [0x00000000eab00000, 0x00000000eb080000, 0x0000000100000000)
  eden space 2560K, 0% used [0x00000000eab00000,0x00000000eab00000,0x00000000ead80000)
  from space 1024K, 75% used [0x00000000eaf80000,0x00000000eb040000,0x00000000eb080000)
  to   space 1536K, 0% used [0x00000000ead80000,0x00000000ead80000,0x00000000eaf00000)
 ParOldGen       total 641024K, used 640907K [0x00000000c0000000, 0x00000000e7200000, 0x00000000eab00000)
  object space 641024K, 99% used [0x00000000c0000000,0x00000000e71e2da0,0x00000000e7200000)
 Metaspace       used 62874K, committed 64192K, reserved 1114112K
  class space    used 6982K, committed 7552K, reserved 1048576K
}
Event: 69.573 GC heap before
{Heap before GC invocations=3078 (full 6):
 PSYoungGen      total 3584K, used 3328K [0x00000000eab00000, 0x00000000eb080000, 0x0000000100000000)
  eden space 2560K, 100% used [0x00000000eab00000,0x00000000ead80000,0x00000000ead80000)
  from space 1024K, 75% used [0x00000000eaf80000,0x00000000eb040000,0x00000000eb080000)
  to   space 1536K, 0% used [0x00000000ead80000,0x00000000ead80000,0x00000000eaf00000)
 ParOldGen       total 641024K, used 640907K [0x00000000c0000000, 0x00000000e7200000, 0x00000000eab00000)
  object space 641024K, 99% used [0x00000000c0000000,0x00000000e71e2da0,0x00000000e7200000)
 Metaspace       used 62874K, committed 64192K, reserved 1114112K
  class space    used 6982K, committed 7552K, reserved 1048576K
}
Event: 69.576 GC heap after
{Heap after GC invocations=3078 (full 6):
 PSYoungGen      total 4096K, used 960K [0x00000000eab00000, 0x00000000eb000000, 0x0000000100000000)
  eden space 2560K, 0% used [0x00000000eab00000,0x00000000eab00000,0x00000000ead80000)
  from space 1536K, 62% used [0x00000000ead80000,0x00000000eae70000,0x00000000eaf00000)
  to   space 1024K, 0% used [0x00000000eaf00000,0x00000000eaf00000,0x00000000eb000000)
 ParOldGen       total 642048K, used 641603K [0x00000000c0000000, 0x00000000e7300000, 0x00000000eab00000)
  object space 642048K, 99% used [0x00000000c0000000,0x00000000e7290da0,0x00000000e7300000)
 Metaspace       used 62874K, committed 64192K, reserved 1114112K
  class space    used 6982K, committed 7552K, reserved 1048576K
}
Event: 69.579 GC heap before
{Heap before GC invocations=3079 (full 6):
 PSYoungGen      total 4096K, used 3520K [0x00000000eab00000, 0x00000000eb000000, 0x0000000100000000)
  eden space 2560K, 100% used [0x00000000eab00000,0x00000000ead80000,0x00000000ead80000)
  from space 1536K, 62% used [0x00000000ead80000,0x00000000eae70000,0x00000000eaf00000)
  to   space 1024K, 0% used [0x00000000eaf00000,0x00000000eaf00000,0x00000000eb000000)
 ParOldGen       total 642048K, used 641603K [0x00000000c0000000, 0x00000000e7300000, 0x00000000eab00000)
  object space 642048K, 99% used [0x00000000c0000000,0x00000000e7290da0,0x00000000e7300000)
 Metaspace       used 62874K, committed 64192K, reserved 1114112K
  class space    used 6982K, committed 7552K, reserved 1048576K
}
Event: 69.582 GC heap after
{Heap after GC invocations=3079 (full 6):
 PSYoungGen      total 4096K, used 960K [0x00000000eab00000, 0x00000000eb000000, 0x0000000100000000)
  eden space 3072K, 0% used [0x00000000eab00000,0x00000000eab00000,0x00000000eae00000)
  from space 1024K, 93% used [0x00000000eaf00000,0x00000000eaff0000,0x00000000eb000000)
  to   space 1024K, 0% used [0x00000000eae00000,0x00000000eae00000,0x00000000eaf00000)
 ParOldGen       total 642560K, used 642491K [0x00000000c0000000, 0x00000000e7380000, 0x00000000eab00000)
  object space 642560K, 99% used [0x00000000c0000000,0x00000000e736eda0,0x00000000e7380000)
 Metaspace       used 62874K, committed 64192K, reserved 1114112K
  class space    used 6982K, committed 7552K, reserved 1048576K
}
Event: 69.586 GC heap before
{Heap before GC invocations=3080 (full 6):
 PSYoungGen      total 4096K, used 4032K [0x00000000eab00000, 0x00000000eb000000, 0x0000000100000000)
  eden space 3072K, 100% used [0x00000000eab00000,0x00000000eae00000,0x00000000eae00000)
  from space 1024K, 93% used [0x00000000eaf00000,0x00000000eaff0000,0x00000000eb000000)
  to   space 1024K, 0% used [0x00000000eae00000,0x00000000eae00000,0x00000000eaf00000)
 ParOldGen       total 642560K, used 642491K [0x00000000c0000000, 0x00000000e7380000, 0x00000000eab00000)
  object space 642560K, 99% used [0x00000000c0000000,0x00000000e736eda0,0x00000000e7380000)
 Metaspace       used 62874K, committed 64192K, reserved 1114112K
  class space    used 6982K, committed 7552K, reserved 1048576K
}
Event: 69.589 GC heap after
{Heap after GC invocations=3080 (full 6):
 PSYoungGen      total 4096K, used 1024K [0x00000000eab00000, 0x00000000eb400000, 0x0000000100000000)
  eden space 3072K, 0% used [0x00000000eab00000,0x00000000eab00000,0x00000000eae00000)
  from space 1024K, 100% used [0x00000000eae00000,0x00000000eaf00000,0x00000000eaf00000)
  to   space 2560K, 0% used [0x00000000eb180000,0x00000000eb180000,0x00000000eb400000)
 ParOldGen       total 643584K, used 643475K [0x00000000c0000000, 0x00000000e7480000, 0x00000000eab00000)
  object space 643584K, 99% used [0x00000000c0000000,0x00000000e7464da0,0x00000000e7480000)
 Metaspace       used 62874K, committed 64192K, reserved 1114112K
  class space    used 6982K, committed 7552K, reserved 1048576K
}
Event: 69.593 GC heap before
{Heap before GC invocations=3081 (full 6):
 PSYoungGen      total 4096K, used 4096K [0x00000000eab00000, 0x00000000eb400000, 0x0000000100000000)
  eden space 3072K, 100% used [0x00000000eab00000,0x00000000eae00000,0x00000000eae00000)
  from space 1024K, 100% used [0x00000000eae00000,0x00000000eaf00000,0x00000000eaf00000)
  to   space 2560K, 0% used [0x00000000eb180000,0x00000000eb180000,0x00000000eb400000)
 ParOldGen       total 643584K, used 643475K [0x00000000c0000000, 0x00000000e7480000, 0x00000000eab00000)
  object space 643584K, 99% used [0x00000000c0000000,0x00000000e7464da0,0x00000000e7480000)
 Metaspace       used 62874K, committed 64192K, reserved 1114112K
  class space    used 6982K, committed 7552K, reserved 1048576K
}
Event: 69.596 GC heap after
{Heap after GC invocations=3081 (full 6):
 PSYoungGen      total 5632K, used 1088K [0x00000000eab00000, 0x00000000eb300000, 0x0000000100000000)
  eden space 4096K, 0% used [0x00000000eab00000,0x00000000eab00000,0x00000000eaf00000)
  from space 1536K, 70% used [0x00000000eb180000,0x00000000eb290000,0x00000000eb300000)
  to   space 1536K, 0% used [0x00000000eb000000,0x00000000eb000000,0x00000000eb180000)
 ParOldGen       total 644608K, used 644491K [0x00000000c0000000, 0x00000000e7580000, 0x00000000eab00000)
  object space 644608K, 99% used [0x00000000c0000000,0x00000000e7562da0,0x00000000e7580000)
 Metaspace       used 62874K, committed 64192K, reserved 1114112K
  class space    used 6982K, committed 7552K, reserved 1048576K
}
Event: 69.701 GC heap before
{Heap before GC invocations=3082 (full 6):
 PSYoungGen      total 5632K, used 5184K [0x00000000eab00000, 0x00000000eb300000, 0x0000000100000000)
  eden space 4096K, 100% used [0x00000000eab00000,0x00000000eaf00000,0x00000000eaf00000)
  from space 1536K, 70% used [0x00000000eb180000,0x00000000eb290000,0x00000000eb300000)
  to   space 1536K, 0% used [0x00000000eb000000,0x00000000eb000000,0x00000000eb180000)
 ParOldGen       total 644608K, used 644491K [0x00000000c0000000, 0x00000000e7580000, 0x00000000eab00000)
  object space 644608K, 99% used [0x00000000c0000000,0x00000000e7562da0,0x00000000e7580000)
 Metaspace       used 62875K, committed 64192K, reserved 1114112K
  class space    used 6982K, committed 7552K, reserved 1048576K
}
Event: 69.706 GC heap after
{Heap after GC invocations=3082 (full 6):
 PSYoungGen      total 6656K, used 1518K [0x00000000eab00000, 0x00000000eba00000, 0x0000000100000000)
  eden space 5120K, 0% used [0x00000000eab00000,0x00000000eab00000,0x00000000eb000000)
  from space 1536K, 98% used [0x00000000eb000000,0x00000000eb17b908,0x00000000eb180000)
  to   space 5120K, 0% used [0x00000000eb500000,0x00000000eb500000,0x00000000eba00000)
 ParOldGen       total 647680K, used 647438K [0x00000000c0000000, 0x00000000e7880000, 0x00000000eab00000)
  object space 647680K, 99% used [0x00000000c0000000,0x00000000e7843aa0,0x00000000e7880000)
 Metaspace       used 62875K, committed 64192K, reserved 1114112K
  class space    used 6982K, committed 7552K, reserved 1048576K
}
Event: 69.725 GC heap before
{Heap before GC invocations=3083 (full 6):
 PSYoungGen      total 6656K, used 6638K [0x00000000eab00000, 0x00000000eba00000, 0x0000000100000000)
  eden space 5120K, 100% used [0x00000000eab00000,0x00000000eb000000,0x00000000eb000000)
  from space 1536K, 98% used [0x00000000eb000000,0x00000000eb17b908,0x00000000eb180000)
  to   space 5120K, 0% used [0x00000000eb500000,0x00000000eb500000,0x00000000eba00000)
 ParOldGen       total 647680K, used 647438K [0x00000000c0000000, 0x00000000e7880000, 0x00000000eab00000)
  object space 647680K, 99% used [0x00000000c0000000,0x00000000e7843aa0,0x00000000e7880000)
 Metaspace       used 62875K, committed 64192K, reserved 1114112K
  class space    used 6982K, committed 7552K, reserved 1048576K
}
Event: 69.735 GC heap after
{Heap after GC invocations=3083 (full 6):
 PSYoungGen      total 10240K, used 5120K [0x00000000eab00000, 0x00000000eba00000, 0x0000000100000000)
  eden space 5120K, 0% used [0x00000000eab00000,0x00000000eab00000,0x00000000eb000000)
  from space 5120K, 100% used [0x00000000eb500000,0x00000000eba00000,0x00000000eba00000)
  to   space 1536K, 0% used [0x00000000eb000000,0x00000000eb000000,0x00000000eb180000)
 ParOldGen       total 649216K, used 648988K [0x00000000c0000000, 0x00000000e7a00000, 0x00000000eab00000)
  object space 649216K, 99% used [0x00000000c0000000,0x00000000e79c73a8,0x00000000e7a00000)
 Metaspace       used 62875K, committed 64192K, reserved 1114112K
  class space    used 6982K, committed 7552K, reserved 1048576K
}
Event: 69.779 GC heap before
{Heap before GC invocations=3084 (full 6):
 PSYoungGen      total 10240K, used 10240K [0x00000000eab00000, 0x00000000eba00000, 0x0000000100000000)
  eden space 5120K, 100% used [0x00000000eab00000,0x00000000eb000000,0x00000000eb000000)
  from space 5120K, 100% used [0x00000000eb500000,0x00000000eba00000,0x00000000eba00000)
  to   space 1536K, 0% used [0x00000000eb000000,0x00000000eb000000,0x00000000eb180000)
 ParOldGen       total 649216K, used 648988K [0x00000000c0000000, 0x00000000e7a00000, 0x00000000eab00000)
  object space 649216K, 99% used [0x00000000c0000000,0x00000000e79c73a8,0x00000000e7a00000)
 Metaspace       used 62875K, committed 64192K, reserved 1114112K
  class space    used 6982K, committed 7552K, reserved 1048576K
}

