# JRE version: OpenJDK Runtime Environment Temurin-21.0.6+7 (21.0.6+7) (build 21.0.6+7-LTS)
# Java VM: OpenJDK 64-Bit Server VM Temurin-21.0.6+7 (21.0.6+7-LTS, mixed mode, sharing, tiered, compressed oops, compressed class ptrs, parallel gc, windows-amd64)
GC Precious Log:
 CardTable entry size: 512
 CPUs: 4 total, 4 available
 Memory: 12181M
 Large Page Support: Disabled
 NUMA Support: Disabled
 Compressed Oops: Enabled (32-bit)
 Alignments: Space 512K, Generation 512K, Heap 2M
 Heap Min Capacity: 100M
 Heap Initial Capacity: 100M
 Heap Max Capacity: 1G
 Pre-touch: Disabled
 Parallel Workers: 4
Heap:
 PSYoungGen      total 23040K, used 21194K [0x00000000eab00000, 0x00000000ec700000, 0x0000000100000000)
  eden space 22016K, 92% used [0x00000000eab00000,0x00000000ebecab58,0x00000000ec080000)
  from space 1024K, 90% used [0x00000000ec580000,0x00000000ec668000,0x00000000ec680000)
  to   space 512K, 0% used [0x00000000ec680000,0x00000000ec680000,0x00000000ec700000)
 ParOldGen       total 68608K, used 22848K [0x00000000c0000000, 0x00000000c4300000, 0x00000000eab00000)
  object space 68608K, 33% used [0x00000000c0000000,0x00000000c1650180,0x00000000c4300000)
 Metaspace       used 40193K, committed 41408K, reserved 1114112K
  class space    used 4123K, committed 4608K, reserved 1048576K
GC Heap History (20 events):
Event: 6.898 GC heap before
{Heap before GC invocations=10 (full 1):
 PSYoungGen      total 28160K, used 24576K [0x00000000eab00000, 0x00000000ecd80000, 0x0000000100000000)
  eden space 24576K, 100% used [0x00000000eab00000,0x00000000ec300000,0x00000000ec300000)
  from space 3584K, 0% used [0x00000000eca00000,0x00000000eca00000,0x00000000ecd80000)
  to   space 5120K, 0% used [0x00000000ec380000,0x00000000ec380000,0x00000000ec880000)
 ParOldGen       total 68608K, used 16598K [0x00000000c0000000, 0x00000000c4300000, 0x00000000eab00000)
  object space 68608K, 24% used [0x00000000c0000000,0x00000000c1035890,0x00000000c4300000)
 Metaspace       used 23753K, committed 24512K, reserved 1114112K
  class space    used 2267K, committed 2560K, reserved 1048576K
}
Event: 6.899 GC heap after
{Heap after GC invocations=10 (full 1):
 PSYoungGen      total 29184K, used 192K [0x00000000eab00000, 0x00000000eca80000, 0x0000000100000000)
  eden space 24064K, 0% used [0x00000000eab00000,0x00000000eab00000,0x00000000ec280000)
  from space 5120K, 3% used [0x00000000ec380000,0x00000000ec3b0000,0x00000000ec880000)
  to   space 2048K, 0% used [0x00000000ec880000,0x00000000ec880000,0x00000000eca80000)
 ParOldGen       total 68608K, used 16598K [0x00000000c0000000, 0x00000000c4300000, 0x00000000eab00000)
  object space 68608K, 24% used [0x00000000c0000000,0x00000000c1035890,0x00000000c4300000)
 Metaspace       used 23753K, committed 24512K, reserved 1114112K
  class space    used 2267K, committed 2560K, reserved 1048576K
}
Event: 7.061 GC heap before
{Heap before GC invocations=11 (full 1):
 PSYoungGen      total 29184K, used 24256K [0x00000000eab00000, 0x00000000eca80000, 0x0000000100000000)
  eden space 24064K, 100% used [0x00000000eab00000,0x00000000ec280000,0x00000000ec280000)
  from space 5120K, 3% used [0x00000000ec380000,0x00000000ec3b0000,0x00000000ec880000)
  to   space 2048K, 0% used [0x00000000ec880000,0x00000000ec880000,0x00000000eca80000)
 ParOldGen       total 68608K, used 16598K [0x00000000c0000000, 0x00000000c4300000, 0x00000000eab00000)
  object space 68608K, 24% used [0x00000000c0000000,0x00000000c1035890,0x00000000c4300000)
 Metaspace       used 26270K, committed 27072K, reserved 1114112K
  class space    used 2472K, committed 2816K, reserved 1048576K
}
Event: 7.063 GC heap after
{Heap after GC invocations=11 (full 1):
 PSYoungGen      total 25088K, used 1275K [0x00000000eab00000, 0x00000000eca00000, 0x0000000100000000)
  eden space 23552K, 0% used [0x00000000eab00000,0x00000000eab00000,0x00000000ec200000)
  from space 1536K, 83% used [0x00000000ec880000,0x00000000ec9beda0,0x00000000eca00000)
  to   space 1536K, 0% used [0x00000000ec700000,0x00000000ec700000,0x00000000ec880000)
 ParOldGen       total 68608K, used 17387K [0x00000000c0000000, 0x00000000c4300000, 0x00000000eab00000)
  object space 68608K, 25% used [0x00000000c0000000,0x00000000c10fada0,0x00000000c4300000)
 Metaspace       used 26270K, committed 27072K, reserved 1114112K
  class space    used 2472K, committed 2816K, reserved 1048576K
}
Event: 7.429 GC heap before
{Heap before GC invocations=12 (full 1):
 PSYoungGen      total 25088K, used 24827K [0x00000000eab00000, 0x00000000eca00000, 0x0000000100000000)
  eden space 23552K, 100% used [0x00000000eab00000,0x00000000ec200000,0x00000000ec200000)
  from space 1536K, 83% used [0x00000000ec880000,0x00000000ec9beda0,0x00000000eca00000)
  to   space 1536K, 0% used [0x00000000ec700000,0x00000000ec700000,0x00000000ec880000)
 ParOldGen       total 68608K, used 17387K [0x00000000c0000000, 0x00000000c4300000, 0x00000000eab00000)
  object space 68608K, 25% used [0x00000000c0000000,0x00000000c10fada0,0x00000000c4300000)
 Metaspace       used 28856K, committed 29760K, reserved 1114112K
  class space    used 2717K, committed 3072K, reserved 1048576K
}
Event: 7.431 GC heap after
{Heap after GC invocations=12 (full 1):
 PSYoungGen      total 24576K, used 1272K [0x00000000eab00000, 0x00000000ec900000, 0x0000000100000000)
  eden space 23040K, 0% used [0x00000000eab00000,0x00000000eab00000,0x00000000ec180000)
  from space 1536K, 82% used [0x00000000ec700000,0x00000000ec83e110,0x00000000ec880000)
  to   space 512K, 0% used [0x00000000ec880000,0x00000000ec880000,0x00000000ec900000)
 ParOldGen       total 68608K, used 18514K [0x00000000c0000000, 0x00000000c4300000, 0x00000000eab00000)
  object space 68608K, 26% used [0x00000000c0000000,0x00000000c1214aa0,0x00000000c4300000)
 Metaspace       used 28856K, committed 29760K, reserved 1114112K
  class space    used 2717K, committed 3072K, reserved 1048576K
}
Event: 7.735 GC heap before
{Heap before GC invocations=13 (full 1):
 PSYoungGen      total 24576K, used 24312K [0x00000000eab00000, 0x00000000ec900000, 0x0000000100000000)
  eden space 23040K, 99% used [0x00000000eab00000,0x00000000ec17ffe0,0x00000000ec180000)
  from space 1536K, 82% used [0x00000000ec700000,0x00000000ec83e110,0x00000000ec880000)
  to   space 512K, 0% used [0x00000000ec880000,0x00000000ec880000,0x00000000ec900000)
 ParOldGen       total 68608K, used 18514K [0x00000000c0000000, 0x00000000c4300000, 0x00000000eab00000)
  object space 68608K, 26% used [0x00000000c0000000,0x00000000c1214aa0,0x00000000c4300000)
 Metaspace       used 31417K, committed 32512K, reserved 1114112K
  class space    used 3015K, committed 3456K, reserved 1048576K
}
Event: 7.739 GC heap after
{Heap after GC invocations=13 (full 1):
 PSYoungGen      total 23040K, used 505K [0x00000000eab00000, 0x00000000ec900000, 0x0000000100000000)
  eden space 22528K, 0% used [0x00000000eab00000,0x00000000eab00000,0x00000000ec100000)
  from space 512K, 98% used [0x00000000ec880000,0x00000000ec8fe7f8,0x00000000ec900000)
  to   space 3072K, 0% used [0x00000000ec300000,0x00000000ec300000,0x00000000ec600000)
 ParOldGen       total 68608K, used 20516K [0x00000000c0000000, 0x00000000c4300000, 0x00000000eab00000)
  object space 68608K, 29% used [0x00000000c0000000,0x00000000c1409030,0x00000000c4300000)
 Metaspace       used 31417K, committed 32512K, reserved 1114112K
  class space    used 3015K, committed 3456K, reserved 1048576K
}
Event: 7.928 GC heap before
{Heap before GC invocations=14 (full 1):
 PSYoungGen      total 23040K, used 23033K [0x00000000eab00000, 0x00000000ec900000, 0x0000000100000000)
  eden space 22528K, 100% used [0x00000000eab00000,0x00000000ec100000,0x00000000ec100000)
  from space 512K, 98% used [0x00000000ec880000,0x00000000ec8fe7f8,0x00000000ec900000)
  to   space 3072K, 0% used [0x00000000ec300000,0x00000000ec300000,0x00000000ec600000)
 ParOldGen       total 68608K, used 20516K [0x00000000c0000000, 0x00000000c4300000, 0x00000000eab00000)
  object space 68608K, 29% used [0x00000000c0000000,0x00000000c1409030,0x00000000c4300000)
 Metaspace       used 33090K, committed 34240K, reserved 1114112K
  class space    used 3228K, committed 3712K, reserved 1048576K
}
Event: 7.931 GC heap after
{Heap after GC invocations=14 (full 1):
 PSYoungGen      total 25088K, used 1184K [0x00000000eab00000, 0x00000000ec900000, 0x0000000100000000)
  eden space 22016K, 0% used [0x00000000eab00000,0x00000000eab00000,0x00000000ec080000)
  from space 3072K, 38% used [0x00000000ec300000,0x00000000ec428000,0x00000000ec600000)
  to   space 2048K, 0% used [0x00000000ec700000,0x00000000ec700000,0x00000000ec900000)
 ParOldGen       total 68608K, used 21009K [0x00000000c0000000, 0x00000000c4300000, 0x00000000eab00000)
  object space 68608K, 30% used [0x00000000c0000000,0x00000000c1484490,0x00000000c4300000)
 Metaspace       used 33090K, committed 34240K, reserved 1114112K
  class space    used 3228K, committed 3712K, reserved 1048576K
}
Event: 8.187 GC heap before
{Heap before GC invocations=15 (full 1):
 PSYoungGen      total 25088K, used 23200K [0x00000000eab00000, 0x00000000ec900000, 0x0000000100000000)
  eden space 22016K, 100% used [0x00000000eab00000,0x00000000ec080000,0x00000000ec080000)
  from space 3072K, 38% used [0x00000000ec300000,0x00000000ec428000,0x00000000ec600000)
  to   space 2048K, 0% used [0x00000000ec700000,0x00000000ec700000,0x00000000ec900000)
 ParOldGen       total 68608K, used 21009K [0x00000000c0000000, 0x00000000c4300000, 0x00000000eab00000)
  object space 68608K, 30% used [0x00000000c0000000,0x00000000c1484490,0x00000000c4300000)
 Metaspace       used 34930K, committed 36032K, reserved 1114112K
  class space    used 3467K, committed 3904K, reserved 1048576K
}
Event: 8.191 GC heap after
{Heap after GC invocations=15 (full 1):
 PSYoungGen      total 23552K, used 1106K [0x00000000eab00000, 0x00000000ec880000, 0x0000000100000000)
  eden space 22016K, 0% used [0x00000000eab00000,0x00000000eab00000,0x00000000ec080000)
  from space 1536K, 72% used [0x00000000ec700000,0x00000000ec814ac0,0x00000000ec880000)
  to   space 1536K, 0% used [0x00000000ec580000,0x00000000ec580000,0x00000000ec700000)
 ParOldGen       total 68608K, used 22083K [0x00000000c0000000, 0x00000000c4300000, 0x00000000eab00000)
  object space 68608K, 32% used [0x00000000c0000000,0x00000000c1590d58,0x00000000c4300000)
 Metaspace       used 34930K, committed 36032K, reserved 1114112K
  class space    used 3467K, committed 3904K, reserved 1048576K
}
Event: 8.231 GC heap before
{Heap before GC invocations=16 (full 1):
 PSYoungGen      total 23552K, used 6388K [0x00000000eab00000, 0x00000000ec880000, 0x0000000100000000)
  eden space 22016K, 23% used [0x00000000eab00000,0x00000000eb028918,0x00000000ec080000)
  from space 1536K, 72% used [0x00000000ec700000,0x00000000ec814ac0,0x00000000ec880000)
  to   space 1536K, 0% used [0x00000000ec580000,0x00000000ec580000,0x00000000ec700000)
 ParOldGen       total 68608K, used 22083K [0x00000000c0000000, 0x00000000c4300000, 0x00000000eab00000)
  object space 68608K, 32% used [0x00000000c0000000,0x00000000c1590d58,0x00000000c4300000)
 Metaspace       used 35275K, committed 36416K, reserved 1114112K
  class space    used 3522K, committed 3968K, reserved 1048576K
}
Event: 8.232 GC heap after
{Heap after GC invocations=16 (full 1):
 PSYoungGen      total 22528K, used 224K [0x00000000eab00000, 0x00000000ec780000, 0x0000000100000000)
  eden space 22016K, 0% used [0x00000000eab00000,0x00000000eab00000,0x00000000ec080000)
  from space 512K, 43% used [0x00000000ec580000,0x00000000ec5b8000,0x00000000ec600000)
  to   space 1024K, 0% used [0x00000000ec680000,0x00000000ec680000,0x00000000ec780000)
 ParOldGen       total 68608K, used 23046K [0x00000000c0000000, 0x00000000c4300000, 0x00000000eab00000)
  object space 68608K, 33% used [0x00000000c0000000,0x00000000c1681838,0x00000000c4300000)
 Metaspace       used 35275K, committed 36416K, reserved 1114112K
  class space    used 3522K, committed 3968K, reserved 1048576K
}
Event: 8.232 GC heap before
{Heap before GC invocations=17 (full 2):
 PSYoungGen      total 22528K, used 224K [0x00000000eab00000, 0x00000000ec780000, 0x0000000100000000)
  eden space 22016K, 0% used [0x00000000eab00000,0x00000000eab00000,0x00000000ec080000)
  from space 512K, 43% used [0x00000000ec580000,0x00000000ec5b8000,0x00000000ec600000)
  to   space 1024K, 0% used [0x00000000ec680000,0x00000000ec680000,0x00000000ec780000)
 ParOldGen       total 68608K, used 23046K [0x00000000c0000000, 0x00000000c4300000, 0x00000000eab00000)
  object space 68608K, 33% used [0x00000000c0000000,0x00000000c1681838,0x00000000c4300000)
 Metaspace       used 35275K, committed 36416K, reserved 1114112K
  class space    used 3522K, committed 3968K, reserved 1048576K
}
Event: 8.272 GC heap after
{Heap after GC invocations=17 (full 2):
 PSYoungGen      total 22528K, used 0K [0x00000000eab00000, 0x00000000ec780000, 0x0000000100000000)
  eden space 22016K, 0% used [0x00000000eab00000,0x00000000eab00000,0x00000000ec080000)
  from space 512K, 0% used [0x00000000ec580000,0x00000000ec580000,0x00000000ec600000)
  to   space 1024K, 0% used [0x00000000ec680000,0x00000000ec680000,0x00000000ec780000)
 ParOldGen       total 68608K, used 22216K [0x00000000c0000000, 0x00000000c4300000, 0x00000000eab00000)
  object space 68608K, 32% used [0x00000000c0000000,0x00000000c15b2160,0x00000000c4300000)
 Metaspace       used 35275K, committed 36416K, reserved 1114112K
  class space    used 3522K, committed 3968K, reserved 1048576K
}
Event: 8.593 GC heap before
{Heap before GC invocations=18 (full 2):
 PSYoungGen      total 22528K, used 22016K [0x00000000eab00000, 0x00000000ec780000, 0x0000000100000000)
  eden space 22016K, 100% used [0x00000000eab00000,0x00000000ec080000,0x00000000ec080000)
  from space 512K, 0% used [0x00000000ec580000,0x00000000ec580000,0x00000000ec600000)
  to   space 1024K, 0% used [0x00000000ec680000,0x00000000ec680000,0x00000000ec780000)
 ParOldGen       total 68608K, used 22216K [0x00000000c0000000, 0x00000000c4300000, 0x00000000eab00000)
  object space 68608K, 32% used [0x00000000c0000000,0x00000000c15b2160,0x00000000c4300000)
 Metaspace       used 36432K, committed 37568K, reserved 1114112K
  class space    used 3646K, committed 4160K, reserved 1048576K
}
Event: 8.595 GC heap after
{Heap after GC invocations=18 (full 2):
 PSYoungGen      total 23040K, used 813K [0x00000000eab00000, 0x00000000ec780000, 0x0000000100000000)
  eden space 22016K, 0% used [0x00000000eab00000,0x00000000eab00000,0x00000000ec080000)
  from space 1024K, 79% used [0x00000000ec680000,0x00000000ec74b670,0x00000000ec780000)
  to   space 1024K, 0% used [0x00000000ec580000,0x00000000ec580000,0x00000000ec680000)
 ParOldGen       total 68608K, used 22224K [0x00000000c0000000, 0x00000000c4300000, 0x00000000eab00000)
  object space 68608K, 32% used [0x00000000c0000000,0x00000000c15b4160,0x00000000c4300000)
 Metaspace       used 36432K, committed 37568K, reserved 1114112K
  class space    used 3646K, committed 4160K, reserved 1048576K
}
Event: 8.832 GC heap before
{Heap before GC invocations=19 (full 2):
 PSYoungGen      total 23040K, used 22829K [0x00000000eab00000, 0x00000000ec780000, 0x0000000100000000)
  eden space 22016K, 100% used [0x00000000eab00000,0x00000000ec080000,0x00000000ec080000)
  from space 1024K, 79% used [0x00000000ec680000,0x00000000ec74b670,0x00000000ec780000)
  to   space 1024K, 0% used [0x00000000ec580000,0x00000000ec580000,0x00000000ec680000)
 ParOldGen       total 68608K, used 22224K [0x00000000c0000000, 0x00000000c4300000, 0x00000000eab00000)
  object space 68608K, 32% used [0x00000000c0000000,0x00000000c15b4160,0x00000000c4300000)
 Metaspace       used 38083K, committed 39296K, reserved 1114112K
  class space    used 3851K, committed 4352K, reserved 1048576K
}
Event: 8.836 GC heap after
{Heap after GC invocations=19 (full 2):
 PSYoungGen      total 23040K, used 928K [0x00000000eab00000, 0x00000000ec700000, 0x0000000100000000)
  eden space 22016K, 0% used [0x00000000eab00000,0x00000000eab00000,0x00000000ec080000)
  from space 1024K, 90% used [0x00000000ec580000,0x00000000ec668000,0x00000000ec680000)
  to   space 512K, 0% used [0x00000000ec680000,0x00000000ec680000,0x00000000ec700000)
 ParOldGen       total 68608K, used 22848K [0x00000000c0000000, 0x00000000c4300000, 0x00000000eab00000)
  object space 68608K, 33% used [0x00000000c0000000,0x00000000c1650180,0x00000000c4300000)
 Metaspace       used 38083K, committed 39296K, reserved 1114112K
  class space    used 3851K, committed 4352K, reserved 1048576K
}

