# JRE version: Java(TM) SE Runtime Environment (17.0.12+8) (build 17.0.12+8-LTS-286)
# Java VM: Java HotSpot(TM) 64-Bit Server VM (17.0.12+8-LTS-286, mixed mode, sharing, tiered, compressed oops, compressed class ptrs, g1 gc, windows-amd64)
GC Precious Log:
 CPUs: 4 total, 4 available
 Memory: 12181M
 Large Page Support: Disabled
 NUMA Support: Disabled
 Compressed Oops: Enabled (32-bit)
 Heap Region Size: 1M
 Heap Min Capacity: 8M
 Heap Initial Capacity: 192M
 Heap Max Capacity: 2G
 Pre-touch: Disabled
 Parallel Workers: 4
 Concurrent Workers: 1
 Concurrent Refinement Workers: 4
 Periodic GC: Disabled
Heap:
 garbage-first heap   total 357376K, used 212604K [0x0000000080000000, 0x0000000100000000)
  region size 1024K, 7 young (7168K), 7 survivors (7168K)
 Metaspace       used 107997K, committed 109312K, reserved 557056K
  class space    used 15105K, committed 15744K, reserved 425984K
GC Heap History (20 events):
Event: 20.846 GC heap after
{Heap after GC invocations=34 (full 0):
 garbage-first heap   total 357376K, used 139264K [0x0000000080000000, 0x0000000100000000)
  region size 1024K, 13 young (13312K), 13 survivors (13312K)
 Metaspace       used 101044K, committed 102144K, reserved 557056K
  class space    used 14083K, committed 14592K, reserved 425984K
}
Event: 22.329 GC heap before
{Heap before GC invocations=35 (full 0):
 garbage-first heap   total 357376K, used 280576K [0x0000000080000000, 0x0000000100000000)
  region size 1024K, 148 young (151552K), 13 survivors (13312K)
 Metaspace       used 102283K, committed 103488K, reserved 557056K
  class space    used 14263K, committed 14848K, reserved 425984K
}
Event: 22.349 GC heap after
{Heap after GC invocations=36 (full 0):
 garbage-first heap   total 357376K, used 158720K [0x0000000080000000, 0x0000000100000000)
  region size 1024K, 18 young (18432K), 18 survivors (18432K)
 Metaspace       used 102283K, committed 103488K, reserved 557056K
  class space    used 14263K, committed 14848K, reserved 425984K
}
Event: 22.364 GC heap before
{Heap before GC invocations=36 (full 0):
 garbage-first heap   total 357376K, used 159744K [0x0000000080000000, 0x0000000100000000)
  region size 1024K, 19 young (19456K), 18 survivors (18432K)
 Metaspace       used 102296K, committed 103488K, reserved 557056K
  class space    used 14263K, committed 14848K, reserved 425984K
}
Event: 22.377 GC heap after
{Heap after GC invocations=37 (full 0):
 garbage-first heap   total 357376K, used 159744K [0x0000000080000000, 0x0000000100000000)
  region size 1024K, 2 young (2048K), 2 survivors (2048K)
 Metaspace       used 102296K, committed 103488K, reserved 557056K
  class space    used 14263K, committed 14848K, reserved 425984K
}
Event: 23.291 GC heap before
{Heap before GC invocations=37 (full 0):
 garbage-first heap   total 357376K, used 277504K [0x0000000080000000, 0x0000000100000000)
  region size 1024K, 117 young (119808K), 2 survivors (2048K)
 Metaspace       used 102464K, committed 103680K, reserved 557056K
  class space    used 14278K, committed 14848K, reserved 425984K
}
Event: 23.301 GC heap after
{Heap after GC invocations=38 (full 0):
 garbage-first heap   total 357376K, used 167520K [0x0000000080000000, 0x0000000100000000)
  region size 1024K, 9 young (9216K), 9 survivors (9216K)
 Metaspace       used 102464K, committed 103680K, reserved 557056K
  class space    used 14278K, committed 14848K, reserved 425984K
}
Event: 24.188 GC heap before
{Heap before GC invocations=38 (full 0):
 garbage-first heap   total 357376K, used 282208K [0x0000000080000000, 0x0000000100000000)
  region size 1024K, 121 young (123904K), 9 survivors (9216K)
 Metaspace       used 102638K, committed 103872K, reserved 557056K
  class space    used 14293K, committed 14848K, reserved 425984K
}
Event: 24.199 GC heap after
{Heap after GC invocations=39 (full 0):
 garbage-first heap   total 357376K, used 172531K [0x0000000080000000, 0x0000000100000000)
  region size 1024K, 13 young (13312K), 13 survivors (13312K)
 Metaspace       used 102638K, committed 103872K, reserved 557056K
  class space    used 14293K, committed 14848K, reserved 425984K
}
Event: 24.673 GC heap before
{Heap before GC invocations=39 (full 0):
 garbage-first heap   total 357376K, used 229875K [0x0000000080000000, 0x0000000100000000)
  region size 1024K, 70 young (71680K), 13 survivors (13312K)
 Metaspace       used 102953K, committed 104192K, reserved 557056K
  class space    used 14353K, committed 14912K, reserved 425984K
}
Event: 24.684 GC heap after
{Heap after GC invocations=40 (full 0):
 garbage-first heap   total 357376K, used 175616K [0x0000000080000000, 0x0000000100000000)
  region size 1024K, 11 young (11264K), 11 survivors (11264K)
 Metaspace       used 102953K, committed 104192K, reserved 557056K
  class space    used 14353K, committed 14912K, reserved 425984K
}
Event: 26.044 GC heap before
{Heap before GC invocations=41 (full 0):
 garbage-first heap   total 357376K, used 292352K [0x0000000080000000, 0x0000000100000000)
  region size 1024K, 122 young (124928K), 11 survivors (11264K)
 Metaspace       used 107727K, committed 108992K, reserved 557056K
  class space    used 15079K, committed 15680K, reserved 425984K
}
Event: 26.060 GC heap after
{Heap after GC invocations=42 (full 0):
 garbage-first heap   total 357376K, used 190278K [0x0000000080000000, 0x0000000100000000)
  region size 1024K, 16 young (16384K), 16 survivors (16384K)
 Metaspace       used 107727K, committed 108992K, reserved 557056K
  class space    used 15079K, committed 15680K, reserved 425984K
}
Event: 26.070 GC heap before
{Heap before GC invocations=42 (full 0):
 garbage-first heap   total 357376K, used 191302K [0x0000000080000000, 0x0000000100000000)
  region size 1024K, 17 young (17408K), 16 survivors (16384K)
 Metaspace       used 107750K, committed 109056K, reserved 557056K
  class space    used 15083K, committed 15680K, reserved 425984K
}
Event: 26.086 GC heap after
{Heap after GC invocations=43 (full 0):
 garbage-first heap   total 357376K, used 189948K [0x0000000080000000, 0x0000000100000000)
  region size 1024K, 2 young (2048K), 2 survivors (2048K)
 Metaspace       used 107750K, committed 109056K, reserved 557056K
  class space    used 15083K, committed 15680K, reserved 425984K
}
Event: 26.800 GC heap before
{Heap before GC invocations=43 (full 0):
 garbage-first heap   total 357376K, used 292348K [0x0000000080000000, 0x0000000100000000)
  region size 1024K, 103 young (105472K), 2 survivors (2048K)
 Metaspace       used 107945K, committed 109184K, reserved 557056K
  class space    used 15099K, committed 15680K, reserved 425984K
}
Event: 26.821 GC heap after
{Heap after GC invocations=44 (full 0):
 garbage-first heap   total 357376K, used 207872K [0x0000000080000000, 0x0000000100000000)
  region size 1024K, 13 young (13312K), 13 survivors (13312K)
 Metaspace       used 107945K, committed 109184K, reserved 557056K
  class space    used 15099K, committed 15680K, reserved 425984K
}
Event: 27.188 GC heap before
{Heap before GC invocations=44 (full 0):
 garbage-first heap   total 357376K, used 290816K [0x0000000080000000, 0x0000000100000000)
  region size 1024K, 95 young (97280K), 13 survivors (13312K)
 Metaspace       used 107946K, committed 109184K, reserved 557056K
  class space    used 15100K, committed 15680K, reserved 425984K
}
Event: 27.203 GC heap after
{Heap after GC invocations=45 (full 0):
 garbage-first heap   total 357376K, used 210788K [0x0000000080000000, 0x0000000100000000)
  region size 1024K, 5 young (5120K), 5 survivors (5120K)
 Metaspace       used 107946K, committed 109184K, reserved 557056K
  class space    used 15100K, committed 15680K, reserved 425984K
}
Event: 27.410 GC heap before
{Heap before GC invocations=45 (full 0):
 garbage-first heap   total 357376K, used 260964K [0x0000000080000000, 0x0000000100000000)
  region size 1024K, 56 young (57344K), 5 survivors (5120K)
 Metaspace       used 107997K, committed 109312K, reserved 557056K
  class space    used 15105K, committed 15744K, reserved 425984K
}

