# JRE version: Java(TM) SE Runtime Environment (17.0.12+8) (build 17.0.12+8-LTS-286)
# Java VM: Java HotSpot(TM) 64-Bit Server VM (17.0.12+8-LTS-286, mixed mode, sharing, tiered, compressed oops, compressed class ptrs, g1 gc, windows-amd64)
GC Precious Log:
 CPUs: 4 total, 4 available
 Memory: 12181M
 Large Page Support: Disabled
 NUMA Support: Disabled
 Compressed Oops: Enabled (32-bit)
 Heap Region Size: 1M
 Heap Min Capacity: 8M
 Heap Initial Capacity: 192M
 Heap Max Capacity: 2G
 Pre-touch: Disabled
 Parallel Workers: 4
 Concurrent Workers: 1
 Concurrent Refinement Workers: 4
 Periodic GC: Disabled
Heap:
 garbage-first heap   total 547840K, used 478870K [0x0000000080000000, 0x0000000100000000)
  region size 1024K, 26 young (26624K), 4 survivors (4096K)
 Metaspace       used 136964K, committed 139648K, reserved 557056K
  class space    used 18209K, committed 19392K, reserved 425984K
GC Heap History (20 events):
Event: 19622.395 GC heap before
{Heap before GC invocations=122 (full 0):
 garbage-first heap   total 547840K, used 484773K [0x0000000080000000, 0x0000000100000000)
  region size 1024K, 28 young (28672K), 2 survivors (2048K)
 Metaspace       used 136757K, committed 139072K, reserved 557056K
  class space    used 18249K, committed 19328K, reserved 425984K
}
Event: 19622.398 GC heap after
{Heap after GC invocations=123 (full 0):
 garbage-first heap   total 547840K, used 459906K [0x0000000080000000, 0x0000000100000000)
  region size 1024K, 2 young (2048K), 2 survivors (2048K)
 Metaspace       used 136757K, committed 139072K, reserved 557056K
  class space    used 18249K, committed 19328K, reserved 425984K
}
Event: 19622.769 GC heap before
{Heap before GC invocations=123 (full 0):
 garbage-first heap   total 547840K, used 487554K [0x0000000080000000, 0x0000000100000000)
  region size 1024K, 29 young (29696K), 2 survivors (2048K)
 Metaspace       used 136913K, committed 139200K, reserved 557056K
  class space    used 18264K, committed 19328K, reserved 425984K
}
Event: 19622.778 GC heap after
{Heap after GC invocations=124 (full 0):
 garbage-first heap   total 547840K, used 464057K [0x0000000080000000, 0x0000000100000000)
  region size 1024K, 4 young (4096K), 4 survivors (4096K)
 Metaspace       used 136913K, committed 139200K, reserved 557056K
  class space    used 18264K, committed 19328K, reserved 425984K
}
Event: 19622.996 GC heap before
{Heap before GC invocations=124 (full 0):
 garbage-first heap   total 547840K, used 487609K [0x0000000080000000, 0x0000000100000000)
  region size 1024K, 26 young (26624K), 4 survivors (4096K)
 Metaspace       used 136937K, committed 139200K, reserved 557056K
  class space    used 18264K, committed 19328K, reserved 425984K
}
Event: 19623.003 GC heap after
{Heap after GC invocations=125 (full 0):
 garbage-first heap   total 547840K, used 467469K [0x0000000080000000, 0x0000000100000000)
  region size 1024K, 4 young (4096K), 4 survivors (4096K)
 Metaspace       used 136937K, committed 139200K, reserved 557056K
  class space    used 18264K, committed 19328K, reserved 425984K
}
Event: 19623.185 GC heap before
{Heap before GC invocations=125 (full 0):
 garbage-first heap   total 547840K, used 489997K [0x0000000080000000, 0x0000000100000000)
  region size 1024K, 26 young (26624K), 4 survivors (4096K)
 Metaspace       used 136991K, committed 139328K, reserved 557056K
  class space    used 18268K, committed 19392K, reserved 425984K
}
Event: 19623.192 GC heap after
{Heap after GC invocations=126 (full 0):
 garbage-first heap   total 547840K, used 470347K [0x0000000080000000, 0x0000000100000000)
  region size 1024K, 3 young (3072K), 3 survivors (3072K)
 Metaspace       used 136991K, committed 139328K, reserved 557056K
  class space    used 18268K, committed 19392K, reserved 425984K
}
Event: 19623.485 GC heap before
{Heap before GC invocations=126 (full 0):
 garbage-first heap   total 547840K, used 493899K [0x0000000080000000, 0x0000000100000000)
  region size 1024K, 26 young (26624K), 3 survivors (3072K)
 Metaspace       used 137023K, committed 139328K, reserved 557056K
  class space    used 18269K, committed 19392K, reserved 425984K
}
Event: 19623.493 GC heap after
{Heap after GC invocations=127 (full 0):
 garbage-first heap   total 547840K, used 476160K [0x0000000080000000, 0x0000000100000000)
  region size 1024K, 4 young (4096K), 4 survivors (4096K)
 Metaspace       used 137023K, committed 139328K, reserved 557056K
  class space    used 18269K, committed 19392K, reserved 425984K
}
Event: 19623.711 GC heap before
{Heap before GC invocations=127 (full 0):
 garbage-first heap   total 547840K, used 498688K [0x0000000080000000, 0x0000000100000000)
  region size 1024K, 26 young (26624K), 4 survivors (4096K)
 Metaspace       used 137054K, committed 139456K, reserved 557056K
  class space    used 18271K, committed 19392K, reserved 425984K
}
Event: 19623.720 GC heap after
{Heap after GC invocations=128 (full 0):
 garbage-first heap   total 547840K, used 479640K [0x0000000080000000, 0x0000000100000000)
  region size 1024K, 3 young (3072K), 3 survivors (3072K)
 Metaspace       used 137054K, committed 139456K, reserved 557056K
  class space    used 18271K, committed 19392K, reserved 425984K
}
Event: 19623.992 GC heap before
{Heap before GC invocations=128 (full 0):
 garbage-first heap   total 547840K, used 503192K [0x0000000080000000, 0x0000000100000000)
  region size 1024K, 26 young (26624K), 3 survivors (3072K)
 Metaspace       used 137133K, committed 139520K, reserved 557056K
  class space    used 18272K, committed 19392K, reserved 425984K
}
Event: 19624.003 GC heap after
{Heap after GC invocations=129 (full 0):
 garbage-first heap   total 547840K, used 484964K [0x0000000080000000, 0x0000000100000000)
  region size 1024K, 4 young (4096K), 4 survivors (4096K)
 Metaspace       used 137133K, committed 139520K, reserved 557056K
  class space    used 18272K, committed 19392K, reserved 425984K
}
Event: 19624.150 GC heap before
{Heap before GC invocations=129 (full 0):
 garbage-first heap   total 547840K, used 507492K [0x0000000080000000, 0x0000000100000000)
  region size 1024K, 26 young (26624K), 4 survivors (4096K)
 Metaspace       used 137152K, committed 139520K, reserved 557056K
  class space    used 18272K, committed 19392K, reserved 425984K
}
Event: 19624.161 GC heap after
{Heap after GC invocations=130 (full 0):
 garbage-first heap   total 547840K, used 488582K [0x0000000080000000, 0x0000000100000000)
  region size 1024K, 4 young (4096K), 4 survivors (4096K)
 Metaspace       used 137152K, committed 139520K, reserved 557056K
  class space    used 18272K, committed 19392K, reserved 425984K
}
Event: 19624.605 GC heap before
{Heap before GC invocations=130 (full 0):
 garbage-first heap   total 547840K, used 511110K [0x0000000080000000, 0x0000000100000000)
  region size 1024K, 26 young (26624K), 4 survivors (4096K)
 Metaspace       used 137198K, committed 139584K, reserved 557056K
  class space    used 18277K, committed 19392K, reserved 425984K
}
Event: 19624.615 GC heap after
{Heap after GC invocations=131 (full 0):
 garbage-first heap   total 547840K, used 491499K [0x0000000080000000, 0x0000000100000000)
  region size 1024K, 3 young (3072K), 3 survivors (3072K)
 Metaspace       used 137198K, committed 139584K, reserved 557056K
  class space    used 18277K, committed 19392K, reserved 425984K
}
Event: 19624.914 GC heap before
{Heap before GC invocations=131 (full 0):
 garbage-first heap   total 547840K, used 514027K [0x0000000080000000, 0x0000000100000000)
  region size 1024K, 26 young (26624K), 3 survivors (3072K)
 Metaspace       used 137228K, committed 139584K, reserved 557056K
  class space    used 18278K, committed 19392K, reserved 425984K
}
Event: 19624.922 GC heap after
{Heap after GC invocations=132 (full 0):
 garbage-first heap   total 547840K, used 495254K [0x0000000080000000, 0x0000000100000000)
  region size 1024K, 4 young (4096K), 4 survivors (4096K)
 Metaspace       used 137228K, committed 139584K, reserved 557056K
  class space    used 18278K, committed 19392K, reserved 425984K
}

